05.11.2014 23:15:58.965: <strong style="color:white">info log</strong><br />
05.11.2014 23:15:58.966: <strong style="color:green">error</strong><br />
05.11.2014 23:15:58.966: <strong style="color:white">console</strong><br />
05.11.2014 23:17:43.49: <strong style="color:white">start server scrwaler and downloader</strong><br />
05.11.2014 23:17:43.116: <strong style="color:white">patch rename created_at to created with the index "2" already executed!</strong><br />
05.11.2014 23:17:43.127: <strong style="color:white">patch rename created_at to created with the index "1" already executed!</strong><br />
05.11.2014 23:17:44.544: <strong style="color:white">clean done</strong><br />
05.11.2014 23:17:44.990: <strong style="color:white">creat phantom</strong><br />
05.11.2014 23:17:45.04: <strong style="color:white">open usenet</strong><br />
05.11.2014 23:17:45.04: <strong style="color:white">creat phantom</strong><br />
05.11.2014 23:17:45.14: <strong style="color:white">open usenet</strong><br />
05.11.2014 23:18:09.248: <strong style="color:white">start server scrwaler and downloader</strong><br />
05.11.2014 23:18:09.314: <strong style="color:white">patch rename created_at to created with the index "2" already executed!</strong><br />
05.11.2014 23:18:09.323: <strong style="color:white">patch rename created_at to created with the index "1" already executed!</strong><br />
05.11.2014 23:18:10.714: <strong style="color:white">clean done</strong><br />
05.11.2014 23:18:11.111: <strong style="color:white">creat phantom</strong><br />
05.11.2014 23:18:11.126: <strong style="color:white">open usenet</strong><br />
05.11.2014 23:18:11.118: <strong style="color:white">creat phantom</strong><br />
05.11.2014 23:18:11.125: <strong style="color:white">open usenet</strong><br />
05.11.2014 23:18:11.201: <strong style="color:white">Express server listening on port 3000 in development mode</strong><br />
05.11.2014 23:18:11.225: <strong style="color:white">db connection open</strong><br />
05.11.2014 23:18:11.275: <strong style="color:white">finished created admin</strong><br />
05.11.2014 23:18:16.620: <strong style="color:white">login</strong><br />
05.11.2014 23:18:16.649: <strong style="color:white">login</strong><br />
05.11.2014 23:18:18.319: <strong style="color:white">login done</strong><br />
05.11.2014 23:18:18.321: <strong style="color:white">readydownloader</strong><br />
05.11.2014 23:18:18.325: <strong style="color:white">login done</strong><br />
05.11.2014 23:18:18.325: <strong style="color:white">readycrawler</strong><br />
05.11.2014 23:18:18.333: <strong style="color:white">going to load movies</strong><br />
05.11.2014 23:18:18.334: <strong style="color:white">load forum:  HD Forum 1080p</strong><br />
05.11.2014 23:18:19.972: <strong style="color:white">scrawl each thread html</strong><br />
05.11.2014 23:18:19.975: <strong style="color:white">load forum:  Kino HDD</strong><br />
05.11.2014 23:18:21.389: <strong style="color:white">scrawl each thread html</strong><br />
05.11.2014 23:18:21.391: <strong style="color:white">load forum:  Kino Crap Qualität</strong><br />
05.11.2014 23:18:22.444: <strong style="color:white">scrawl each thread html</strong><br />
05.11.2014 23:18:22.446: <strong style="color:white">load forum:  HD Remux</strong><br />
05.11.2014 23:18:23.550: <strong style="color:white">scrawl each thread html</strong><br />
05.11.2014 23:19:12.150: <strong style="color:red">All done</strong><br />
05.11.2014 23:19:57.282: <strong style="color:white">request movie{"_id":"5481df131afc862d3d685e2c","forumUrl":"http://www.usenetrevolution.info/vb/forumdisplay.php?f=39","image":"http://www.usenetrevolution.info/picupload/uploads/2014/12/i115991bqbn0u.jpg","title":"Hercules EXTENDED 2014 German DL 1080p BluRay x264 EXQUiSiTE","threadUrl":"http://www.usenetrevolution.info/vb/showthread.php?255889-Hercules-EXTENDED-2014-German-DL-1080p-BluRay-x264-EXQUiSiTE","thxLink":"http://www.usenetrevolution.info/vb/post_thanks.php?do=post_thanks_add&p=317105&securitytoken=1417821499-81fed42737e2ded879913859ac4df82572fe9275","updatedAt":"2014-12-05T23:18:21.740Z","createdAt":"2014-12-05T16:36:35.921Z","__v":0,"genres":[],"status":"download"}</strong><br />
05.11.2014 23:19:57.711: <strong style="color:red">All done</strong><br />
05.11.2014 23:19:58.416: <strong style="color:white">save status</strong><br />
05.11.2014 23:19:58.420: <strong style="color:white">get html</strong><br />
05.11.2014 23:19:59.854: <strong style="color:white">parse html</strong><br />
05.11.2014 23:19:59.939: <strong style="color:white">push thx</strong><br />
05.11.2014 23:20:00.489: <strong style="color:red">All done</strong><br />
05.11.2014 23:20:00.869: <strong style="color:red">All done</strong><br />
05.11.2014 23:20:01.80: <strong style="color:white">get new html</strong><br />
05.11.2014 23:20:01.925: <strong style="color:white">store pw html</strong><br />
05.11.2014 23:20:01.935: <strong style="color:white">movie.js password:UsenetRevolution</strong><br />
05.11.2014 23:20:01.937: <strong style="color:white">Password UsenetRevolution already exists</strong><br />
05.11.2014 23:20:01.948: <strong style="color:white">get filename</strong><br />
05.11.2014 23:20:02.67: <strong style="color:white">onResourceReceived</strong><br />
05.11.2014 23:20:02.67: <strong style="color:white">onResourceReceived callback</strong><br />
05.11.2014 23:20:02.67: <strong style="color:white">[object Object]</strong><br />
05.11.2014 23:20:02.67: <strong style="color:white">[object Object]</strong><br />
05.11.2014 23:20:02.67: <strong style="color:white">download with casper</strong><br />
05.11.2014 23:20:02.67: <strong style="color:white">execute command: casperjs casperDownloader.js "http://www.usenetrevolution.info/vb/attachment.php?attachmentid=288656&d=1417796737" "Hercules.EXTENDED.2014.German.DL.1080p.BluRay.x264-EXQUiSiTE{{UsenetRevolution}}.rar"</strong><br />
05.11.2014 23:24:42.378: <strong style="color:white">start server scrwaler and downloader</strong><br />
05.11.2014 23:24:42.440: <strong style="color:white">patch rename created_at to created with the index "2" already executed!</strong><br />
05.11.2014 23:24:42.453: <strong style="color:white">patch rename created_at to created with the index "1" already executed!</strong><br />
05.11.2014 23:24:43.937: <strong style="color:white">clean done</strong><br />
05.11.2014 23:24:44.285: <strong style="color:white">creat phantom</strong><br />
05.11.2014 23:24:44.293: <strong style="color:white">open usenet</strong><br />
05.11.2014 23:24:44.284: <strong style="color:white">creat phantom</strong><br />
05.11.2014 23:24:44.297: <strong style="color:white">open usenet</strong><br />
05.11.2014 23:24:44.360: <strong style="color:white">Express server listening on port 3000 in development mode</strong><br />
05.11.2014 23:24:44.387: <strong style="color:white">db connection open</strong><br />
05.11.2014 23:24:44.429: <strong style="color:white">finished created admin</strong><br />
05.11.2014 23:24:49.716: <strong style="color:white">login</strong><br />
05.11.2014 23:24:49.763: <strong style="color:white">login</strong><br />
05.11.2014 23:24:51.393: <strong style="color:white">login done</strong><br />
05.11.2014 23:24:51.394: <strong style="color:white">readydownloader</strong><br />
05.11.2014 23:24:51.388: <strong style="color:white">login done</strong><br />
05.11.2014 23:24:51.390: <strong style="color:white">readycrawler</strong><br />
05.11.2014 23:24:51.398: <strong style="color:white">going to load movies</strong><br />
05.11.2014 23:24:51.400: <strong style="color:white">load forum:  HD Forum 1080p</strong><br />
05.11.2014 23:24:52.472: <strong style="color:white">scrawl each thread html</strong><br />
05.11.2014 23:24:52.475: <strong style="color:white">load forum:  Kino HDD</strong><br />
05.11.2014 23:24:53.359: <strong style="color:white">scrawl each thread html</strong><br />
05.11.2014 23:24:53.362: <strong style="color:white">load forum:  Kino Crap Qualität</strong><br />
05.11.2014 23:24:54.606: <strong style="color:white">scrawl each thread html</strong><br />
05.11.2014 23:24:54.606: <strong style="color:white">load forum:  HD Remux</strong><br />
05.11.2014 23:24:55.788: <strong style="color:white">scrawl each thread html</strong><br />
05.11.2014 23:25:55.35: <strong style="color:black">start server scrwaler and downloader</strong><br />
05.11.2014 23:25:55.100: <strong style="color:black">patch rename created_at to created with the index "2" already executed!</strong><br />
05.11.2014 23:25:55.113: <strong style="color:black">patch rename created_at to created with the index "1" already executed!</strong><br />
05.11.2014 23:25:56.522: <strong style="color:black">clean done</strong><br />
05.11.2014 23:25:56.906: <strong style="color:black">creat phantom</strong><br />
05.11.2014 23:25:56.914: <strong style="color:black">open usenet</strong><br />
05.11.2014 23:25:56.925: <strong style="color:black">creat phantom</strong><br />
05.11.2014 23:25:56.931: <strong style="color:black">open usenet</strong><br />
05.11.2014 23:25:57.12: <strong style="color:black">Express server listening on port 3000 in development mode</strong><br />
05.11.2014 23:25:57.39: <strong style="color:black">db connection open</strong><br />
05.11.2014 23:25:57.97: <strong style="color:black">finished created admin</strong><br />
05.11.2014 23:26:02.340: <strong style="color:black">login</strong><br />
05.11.2014 23:26:02.395: <strong style="color:black">login</strong><br />
05.11.2014 23:26:03.996: <strong style="color:black">login done</strong><br />
05.11.2014 23:26:03.997: <strong style="color:black">readydownloader</strong><br />
05.11.2014 23:26:04.69: <strong style="color:black">login done</strong><br />
05.11.2014 23:26:04.70: <strong style="color:black">readycrawler</strong><br />
05.11.2014 23:26:04.76: <strong style="color:black">going to load movies</strong><br />
05.11.2014 23:26:04.76: <strong style="color:black">load forum:  HD Forum 1080p</strong><br />
05.11.2014 23:26:05.356: <strong style="color:black">scrawl each thread html</strong><br />
05.11.2014 23:26:05.359: <strong style="color:black">load forum:  Kino HDD</strong><br />
05.11.2014 23:26:06.471: <strong style="color:black">scrawl each thread html</strong><br />
05.11.2014 23:26:06.473: <strong style="color:black">load forum:  Kino Crap Qualität</strong><br />
05.11.2014 23:26:07.504: <strong style="color:black">scrawl each thread html</strong><br />
05.11.2014 23:26:07.504: <strong style="color:black">load forum:  HD Remux</strong><br />
05.11.2014 23:26:08.568: <strong style="color:black">scrawl each thread html</strong><br />
05.11.2014 23:27:02.14: <strong style="color:green">All done</strong><br />
05.11.2014 23:27:22.422: <strong style="color:black">start server scrwaler and downloader</strong><br />
05.11.2014 23:27:22.482: <strong style="color:black">patch rename created_at to created with the index "2" already executed!</strong><br />
05.11.2014 23:27:22.495: <strong style="color:black">patch rename created_at to created with the index "1" already executed!</strong><br />
05.11.2014 23:27:23.912: <strong style="color:black">clean done</strong><br />
05.11.2014 23:27:24.283: <strong style="color:black">creat phantom</strong><br />
05.11.2014 23:27:24.295: <strong style="color:black">open usenet</strong><br />
05.11.2014 23:27:24.298: <strong style="color:black">creat phantom</strong><br />
05.11.2014 23:27:24.307: <strong style="color:black">open usenet</strong><br />
05.11.2014 23:27:24.410: <strong style="color:black">Express server listening on port 3000 in development mode</strong><br />
05.11.2014 23:27:24.438: <strong style="color:black">db connection open</strong><br />
05.11.2014 23:27:24.478: <strong style="color:black">finished created admin</strong><br />
05.11.2014 23:27:29.931: <strong style="color:black">login</strong><br />
05.11.2014 23:27:29.992: <strong style="color:black">login</strong><br />
05.11.2014 23:27:31.696: <strong style="color:black">login done</strong><br />
05.11.2014 23:27:31.697: <strong style="color:black">readydownloader</strong><br />
05.11.2014 23:27:31.746: <strong style="color:black">login done</strong><br />
05.11.2014 23:27:31.747: <strong style="color:black">readycrawler</strong><br />
05.11.2014 23:27:31.754: <strong style="color:black">going to load movies</strong><br />
05.11.2014 23:27:31.754: <strong style="color:black">load forum:  HD Forum 1080p</strong><br />
05.11.2014 23:27:33.338: <strong style="color:black">scrawl each thread html</strong><br />
05.11.2014 23:27:33.341: <strong style="color:black">load forum:  Kino HDD</strong><br />
05.11.2014 23:27:34.504: <strong style="color:black">scrawl each thread html</strong><br />
05.11.2014 23:27:34.508: <strong style="color:black">load forum:  Kino Crap Qualität</strong><br />
05.11.2014 23:27:35.538: <strong style="color:black">scrawl each thread html</strong><br />
05.11.2014 23:27:35.539: <strong style="color:black">load forum:  HD Remux</strong><br />
05.11.2014 23:27:36.598: <strong style="color:black">scrawl each thread html</strong><br />
05.11.2014 23:28:00.291: <strong style="color:black">start server scrwaler and downloader</strong><br />
05.11.2014 23:28:00.349: <strong style="color:black">patch rename created_at to created with the index "2" already executed!</strong><br />
05.11.2014 23:28:00.361: <strong style="color:black">patch rename created_at to created with the index "1" already executed!</strong><br />
05.11.2014 23:28:01.788: <strong style="color:black">clean done</strong><br />
05.11.2014 23:28:02.218: <strong style="color:black">creat phantom</strong><br />
05.11.2014 23:28:02.231: <strong style="color:black">open usenet</strong><br />
05.11.2014 23:28:02.248: <strong style="color:black">creat phantom</strong><br />
05.11.2014 23:28:02.256: <strong style="color:black">open usenet</strong><br />
05.11.2014 23:28:02.314: <strong style="color:black">Express server listening on port 3000 in development mode</strong><br />
05.11.2014 23:28:02.356: <strong style="color:black">db connection open</strong><br />
05.11.2014 23:28:02.401: <strong style="color:black">finished created admin</strong><br />
05.11.2014 23:28:06.296: <strong style="color:black">This password is not correct.</strong><br />
05.11.2014 23:28:10.315: <strong style="color:black">login</strong><br />
05.11.2014 23:28:10.447: <strong style="color:black">login</strong><br />
05.11.2014 23:28:12.71: <strong style="color:black">login done</strong><br />
05.11.2014 23:28:12.73: <strong style="color:black">readycrawler</strong><br />
05.11.2014 23:28:12.88: <strong style="color:black">going to load movies</strong><br />
05.11.2014 23:28:12.88: <strong style="color:black">load forum:  HD Forum 1080p</strong><br />
05.11.2014 23:28:12.168: <strong style="color:black">login done</strong><br />
05.11.2014 23:28:12.169: <strong style="color:black">readydownloader</strong><br />
05.11.2014 23:28:13.254: <strong style="color:black">scrawl each thread html</strong><br />
05.11.2014 23:28:13.257: <strong style="color:black">load forum:  Kino HDD</strong><br />
05.11.2014 23:28:14.236: <strong style="color:black">scrawl each thread html</strong><br />
05.11.2014 23:28:14.237: <strong style="color:black">load forum:  Kino Crap Qualität</strong><br />
05.11.2014 23:28:15.395: <strong style="color:black">scrawl each thread html</strong><br />
05.11.2014 23:28:15.395: <strong style="color:black">load forum:  HD Remux</strong><br />
05.11.2014 23:28:16.289: <strong style="color:black">scrawl each thread html</strong><br />
05.11.2014 23:29:13.258: <strong style="color:green">All done</strong><br />
05.11.2014 23:29:26.399: <strong style="color:black">start server scrwaler and downloader</strong><br />
05.11.2014 23:29:26.464: <strong style="color:black">patch rename created_at to created with the index "2" already executed!</strong><br />
05.11.2014 23:29:26.474: <strong style="color:black">patch rename created_at to created with the index "1" already executed!</strong><br />
05.11.2014 23:29:27.911: <strong style="color:black">clean done</strong><br />
05.11.2014 23:29:28.264: <strong style="color:black">creat phantom</strong><br />
05.11.2014 23:29:28.277: <strong style="color:black">open usenet</strong><br />
05.11.2014 23:29:28.319: <strong style="color:black">creat phantom</strong><br />
05.11.2014 23:29:28.327: <strong style="color:black">open usenet</strong><br />
05.11.2014 23:29:28.377: <strong style="color:black">Express server listening on port 3000 in development mode</strong><br />
05.11.2014 23:29:28.405: <strong style="color:black">db connection open</strong><br />
05.11.2014 23:29:28.446: <strong style="color:black">finished created admin</strong><br />
05.11.2014 23:29:33.673: <strong style="color:black">login</strong><br />
05.11.2014 23:29:34.532: <strong style="color:black">login done</strong><br />
05.11.2014 23:29:34.533: <strong style="color:black">readydownloader</strong><br />
05.11.2014 23:29:35.703: <strong style="color:black">login</strong><br />
05.11.2014 23:29:36.556: <strong style="color:black">login done</strong><br />
05.11.2014 23:29:36.557: <strong style="color:black">readycrawler</strong><br />
05.11.2014 23:29:36.563: <strong style="color:black">going to load movies</strong><br />
05.11.2014 23:29:36.564: <strong style="color:black">load forum:  HD Forum 1080p</strong><br />
05.11.2014 23:29:37.864: <strong style="color:black">scrawl each thread html</strong><br />
05.11.2014 23:29:37.866: <strong style="color:black">load forum:  Kino HDD</strong><br />
05.11.2014 23:29:39.182: <strong style="color:black">scrawl each thread html</strong><br />
05.11.2014 23:29:39.184: <strong style="color:black">load forum:  Kino Crap Qualität</strong><br />
05.11.2014 23:29:40.387: <strong style="color:black">scrawl each thread html</strong><br />
05.11.2014 23:29:40.391: <strong style="color:black">load forum:  HD Remux</strong><br />
05.11.2014 23:29:41.347: <strong style="color:black">scrawl each thread html</strong><br />
05.11.2014 23:30:28.599: <strong style="color:green">All done</strong><br />
05.11.2014 23:31:19.738: <strong style="color:green">All done</strong><br />
05.11.2014 23:31:19.868: <strong style="color:green">All done</strong><br />
05.11.2014 23:31:28.271: <strong style="color:green">All done</strong><br />
05.11.2014 23:40:52.970: <strong style="color:black">start server scrwaler and downloader</strong><br />
05.11.2014 23:40:53.33: <strong style="color:black">patch rename created_at to created with the index "2" already executed!</strong><br />
05.11.2014 23:40:53.43: <strong style="color:black">patch rename created_at to created with the index "1" already executed!</strong><br />
05.11.2014 23:40:54.459: <strong style="color:black">clean done</strong><br />
05.11.2014 23:40:54.817: <strong style="color:black">creat phantom</strong><br />
05.11.2014 23:40:54.831: <strong style="color:black">open usenet</strong><br />
05.11.2014 23:40:54.839: <strong style="color:black">creat phantom</strong><br />
05.11.2014 23:40:54.848: <strong style="color:black">open usenet</strong><br />
05.11.2014 23:40:54.916: <strong style="color:black">Express server listening on port 3000 in development mode</strong><br />
05.11.2014 23:40:54.944: <strong style="color:black">db connection open</strong><br />
05.11.2014 23:40:54.985: <strong style="color:black">finished created admin</strong><br />
05.11.2014 23:41:00.310: <strong style="color:black">login</strong><br />
05.11.2014 23:41:00.483: <strong style="color:black">login</strong><br />
05.11.2014 23:41:02.98: <strong style="color:black">login done</strong><br />
05.11.2014 23:41:02.99: <strong style="color:black">readycrawler</strong><br />
05.11.2014 23:41:02.113: <strong style="color:black">going to load movies</strong><br />
05.11.2014 23:41:02.113: <strong style="color:black">load forum:  HD Forum 1080p</strong><br />
05.11.2014 23:41:02.233: <strong style="color:black">login done</strong><br />
05.11.2014 23:41:02.234: <strong style="color:black">readydownloader</strong><br />
05.11.2014 23:41:03.242: <strong style="color:black">scrawl each thread html</strong><br />
05.11.2014 23:41:03.245: <strong style="color:black">load forum:  Kino HDD</strong><br />
05.11.2014 23:41:04.297: <strong style="color:black">scrawl each thread html</strong><br />
05.11.2014 23:41:04.297: <strong style="color:black">load forum:  Kino Crap Qualität</strong><br />
05.11.2014 23:41:05.257: <strong style="color:black">scrawl each thread html</strong><br />
05.11.2014 23:41:05.260: <strong style="color:black">load forum:  HD Remux</strong><br />
05.11.2014 23:41:06.336: <strong style="color:black">scrawl each thread html</strong><br />
05.11.2014 23:41:21.463: <strong style="color:black">start server scrwaler and downloader</strong><br />
05.11.2014 23:41:21.532: <strong style="color:black">patch rename created_at to created with the index "2" already executed!</strong><br />
05.11.2014 23:41:21.542: <strong style="color:black">patch rename created_at to created with the index "1" already executed!</strong><br />
05.11.2014 23:41:22.982: <strong style="color:black">clean done</strong><br />
05.11.2014 23:41:23.337: <strong style="color:black">creat phantom</strong><br />
05.11.2014 23:41:23.353: <strong style="color:black">open usenet</strong><br />
05.11.2014 23:41:23.338: <strong style="color:black">creat phantom</strong><br />
05.11.2014 23:41:23.349: <strong style="color:black">open usenet</strong><br />
05.11.2014 23:41:23.430: <strong style="color:black">Express server listening on port 3000 in development mode</strong><br />
05.11.2014 23:41:23.457: <strong style="color:black">db connection open</strong><br />
05.11.2014 23:41:23.505: <strong style="color:black">finished created admin</strong><br />
05.11.2014 23:41:28.785: <strong style="color:black">login</strong><br />
05.11.2014 23:41:28.800: <strong style="color:black">login</strong><br />
05.11.2014 23:41:30.515: <strong style="color:black">login done</strong><br />
05.11.2014 23:41:30.516: <strong style="color:black">readycrawler</strong><br />
05.11.2014 23:41:30.538: <strong style="color:black">going to load movies</strong><br />
05.11.2014 23:41:30.539: <strong style="color:black">load forum:  HD Forum 1080p</strong><br />
05.11.2014 23:41:30.574: <strong style="color:black">login done</strong><br />
05.11.2014 23:41:30.575: <strong style="color:black">readydownloader</strong><br />
05.11.2014 23:41:31.656: <strong style="color:black">scrawl each thread html</strong><br />
05.11.2014 23:41:31.658: <strong style="color:black">load forum:  Kino HDD</strong><br />
05.11.2014 23:41:32.643: <strong style="color:black">scrawl each thread html</strong><br />
05.11.2014 23:41:32.646: <strong style="color:black">load forum:  Kino Crap Qualität</strong><br />
05.11.2014 23:41:33.664: <strong style="color:black">scrawl each thread html</strong><br />
05.11.2014 23:41:33.666: <strong style="color:black">load forum:  HD Remux</strong><br />
05.11.2014 23:41:34.718: <strong style="color:black">scrawl each thread html</strong><br />
05.11.2014 23:42:21.478: <strong style="color:green">All done</strong><br />
05.11.2014 23:43:11.445: <strong style="color:green">All done</strong><br />
05.11.2014 23:43:16.457: <strong style="color:green">All done</strong><br />
05.11.2014 23:43:16.906: <strong style="color:green">All done</strong><br />
05.11.2014 23:45:49.356: <strong style="color:black">start server scrwaler and downloader</strong><br />
05.11.2014 23:45:49.419: <strong style="color:black">patch rename created_at to created with the index "2" already executed!</strong><br />
05.11.2014 23:45:49.432: <strong style="color:black">patch rename created_at to created with the index "1" already executed!</strong><br />
05.11.2014 23:45:50.945: <strong style="color:black">clean done</strong><br />
05.11.2014 23:45:51.324: <strong style="color:black">creat phantom</strong><br />
05.11.2014 23:45:51.336: <strong style="color:black">open usenet</strong><br />
05.11.2014 23:45:51.372: <strong style="color:black">creat phantom</strong><br />
05.11.2014 23:45:51.380: <strong style="color:black">open usenet</strong><br />
05.11.2014 23:45:51.433: <strong style="color:black">Express server listening on port 3000 in development mode</strong><br />
05.11.2014 23:45:51.462: <strong style="color:black">db connection open</strong><br />
05.11.2014 23:45:51.504: <strong style="color:black">finished created admin</strong><br />
05.11.2014 23:45:56.796: <strong style="color:black">login</strong><br />
05.11.2014 23:45:56.810: <strong style="color:black">login</strong><br />
05.11.2014 23:45:58.553: <strong style="color:black">login done</strong><br />
05.11.2014 23:45:58.554: <strong style="color:black">readydownloader</strong><br />
05.11.2014 23:45:58.581: <strong style="color:black">login done</strong><br />
05.11.2014 23:45:58.581: <strong style="color:black">readycrawler</strong><br />
05.11.2014 23:45:58.587: <strong style="color:black">going to load movies</strong><br />
05.11.2014 23:45:58.587: <strong style="color:black">load forum:  HD Forum 1080p</strong><br />
05.11.2014 23:45:59.710: <strong style="color:black">scrawl each thread html</strong><br />
05.11.2014 23:45:59.713: <strong style="color:black">load forum:  Kino HDD</strong><br />
05.11.2014 23:46:00.807: <strong style="color:black">scrawl each thread html</strong><br />
05.11.2014 23:46:00.807: <strong style="color:black">load forum:  Kino Crap Qualität</strong><br />
05.11.2014 23:46:01.716: <strong style="color:black">scrawl each thread html</strong><br />
05.11.2014 23:46:01.721: <strong style="color:black">load forum:  HD Remux</strong><br />
05.11.2014 23:46:02.911: <strong style="color:black">scrawl each thread html</strong><br />
05.11.2014 23:46:41.919: <strong style="color:black">start server scrwaler and downloader</strong><br />
05.11.2014 23:46:41.981: <strong style="color:black">patch rename created_at to created with the index "2" already executed!</strong><br />
05.11.2014 23:46:41.993: <strong style="color:black">patch rename created_at to created with the index "1" already executed!</strong><br />
05.11.2014 23:46:43.412: <strong style="color:black">clean done</strong><br />
05.11.2014 23:46:43.768: <strong style="color:black">creat phantom</strong><br />
05.11.2014 23:46:43.779: <strong style="color:black">open usenet</strong><br />
05.11.2014 23:46:43.797: <strong style="color:black">creat phantom</strong><br />
05.11.2014 23:46:43.812: <strong style="color:black">open usenet</strong><br />
05.11.2014 23:46:43.869: <strong style="color:black">Express server listening on port 3000 in development mode</strong><br />
05.11.2014 23:46:43.894: <strong style="color:black">db connection open</strong><br />
05.11.2014 23:46:43.935: <strong style="color:black">finished created admin</strong><br />
05.11.2014 23:46:49.229: <strong style="color:black">login</strong><br />
05.11.2014 23:46:50.059: <strong style="color:black">login done</strong><br />
05.11.2014 23:46:50.060: <strong style="color:black">readycrawler</strong><br />
05.11.2014 23:46:50.068: <strong style="color:black">going to load movies</strong><br />
05.11.2014 23:46:50.068: <strong style="color:black">load forum:  HD Forum 1080p</strong><br />
05.11.2014 23:46:50.568: <strong style="color:black">login</strong><br />
05.11.2014 23:46:51.346: <strong style="color:black">scrawl each thread html</strong><br />
05.11.2014 23:46:51.354: <strong style="color:black">load forum:  Kino HDD</strong><br />
05.11.2014 23:46:51.720: <strong style="color:black">login done</strong><br />
05.11.2014 23:46:51.721: <strong style="color:black">readydownloader</strong><br />
05.11.2014 23:46:52.281: <strong style="color:black">scrawl each thread html</strong><br />
05.11.2014 23:46:52.286: <strong style="color:black">load forum:  Kino Crap Qualität</strong><br />
05.11.2014 23:46:53.439: <strong style="color:black">scrawl each thread html</strong><br />
05.11.2014 23:46:53.439: <strong style="color:black">load forum:  HD Remux</strong><br />
05.11.2014 23:46:54.973: <strong style="color:black">scrawl each thread html</strong><br />
05.11.2014 23:47:46.835: <strong style="color:green">All done</strong><br />
05.11.2014 23:48:05.060: <strong style="color:black">request movie{"_id":"547e614481ccd2d8772ed27f","forumUrl":"http://www.usenetrevolution.info/vb/forumdisplay.php?f=29","image":"http://www.usenetrevolution.info/picupload/uploads/2014/10/i96866bkl29y.jpg","title":"Lucy WEBRiP LD German X264 iNTERNAL Pleaders","threadUrl":"http://www.usenetrevolution.info/vb/showthread.php?245699-Lucy-WEBRiP-LD-German-X264-iNTERNAL-Pleaders","thxLink":"http://www.usenetrevolution.info/vb/post_thanks.php?do=post_thanks_add&p=304936&securitytoken=1417822975-3688fb3c37a8a67f9cb55dfc369645008994c9d3","imdbLink":"http://www.imdb.com/title/tt2872732/","rating":6.5,"updatedAt":"2014-12-05T23:42:58.996Z","createdAt":"2014-12-03T01:03:00.285Z","__v":0,"genres":["Action","Sci-Fi","Thriller"],"status":"download"}</strong><br />
05.11.2014 23:48:06.796: <strong style="color:black">save status</strong><br />
05.11.2014 23:48:06.798: <strong style="color:black">get html</strong><br />
05.11.2014 23:48:12.365: <strong style="color:black">parse html</strong><br />
05.11.2014 23:48:12.502: <strong style="color:black">push thx</strong><br />
05.11.2014 23:48:14.370: <strong style="color:black">get new html</strong><br />
05.11.2014 23:48:15.838: <strong style="color:black">store pw html</strong><br />
05.11.2014 23:48:15.886: <strong style="color:black">movie.js password:UsenetRevolution</strong><br />
05.11.2014 23:48:15.890: <strong style="color:black">Password UsenetRevolution already exists</strong><br />
05.11.2014 23:48:15.947: <strong style="color:black">get filename</strong><br />
05.11.2014 23:48:16.250: <strong style="color:black">onResourceReceived</strong><br />
05.11.2014 23:48:16.250: <strong style="color:black">onResourceReceived callback</strong><br />
05.11.2014 23:48:16.250: <strong style="color:black">[object Object]</strong><br />
05.11.2014 23:48:16.250: <strong style="color:black">download with casper</strong><br />
05.11.2014 23:48:16.250: <strong style="color:black">[object Object]</strong><br />
05.11.2014 23:48:16.250: <strong style="color:black">execute command: casperjs casperDownloader.js "http://www.usenetrevolution.info/vb/attachment.php?attachmentid=277597&d=1415228152" "Lucy.WEBRiP.LD.German.X264.iNTERNAL-Pleaders{{UsenetRevolution}}.nzb"</strong><br />
05.11.2014 23:48:24.252: <strong style="color:green">All done</strong><br />
05.11.2014 23:48:40.977: <strong style="color:green">All done</strong><br />
05.11.2014 23:48:41.426: <strong style="color:green">All done</strong><br />
