js-bson: Failed to load c++ bson extension, using pure JS version
start server scrwaler and downloader
patch rename created_at to created with the index "2" already executed!
patch rename created_at to created with the index "1" already executed!
js-bson: Failed to load c++ bson extension, using pure JS version
js-bson: Failed to load c++ bson extension, using pure JS version
js-bson: Failed to load c++ bson extension, using pure JS version
Failed to load c++ bson extension, using pure JS version
clean done
creat phantom
open usenet
creat phantom
open usenet
Express server listening on port 3000 in development mode
db connection open
finished created admin
login
login
login done
readycrawler
going to load movies
load forum:  HD Forum 1080p
login done
readydownloader
scrawl each thread html
load forum:  Kino HDD
scrawl each thread html
load forum:  Kino Crap Qualität
scrawl each thread html
load forum:  HD Remux
scrawl each thread html
[90mGET /movies [32m200 [90m29ms - 3.6kb[0m
[90mGET /partials/movies [36m304 [90m9ms[0m
[90mGET /%7B%7Bmovies[0].image%7D%7D [36m304 [90m12ms[0m
[90mGET /partials/movieStackTemplate.html [36m304 [90m26ms[0m
[90mGET /partials/navbar [36m304 [90m24ms[0m
[90mGET /api/movies [32m200 [90m166ms - 119.11kb[0m
[90mGET /partials/serverlog [36m304 [90m11ms[0m
[90mGET /api/serverlog [32m200 [90m7ms - 1.48kb[0m
[90mGET /partials/navbar.html [36m304 [90m8ms[0m
[90mGET /api/serverlog [32m200 [90m1ms - 1.59kb[0m
[90mGET /api/serverlog [32m200 [90m1ms - 1.65kb[0m
[90mGET /api/serverlog [32m200 [90m1ms - 1.71kb[0m
[90mGET /partials/settings [36m304 [90m13ms[0m
[90mGET /api/forums [36m304 [90m5ms[0m
[90mGET /api/serverlog [32m200 [90m2ms - 1.87kb[0m
All done
[90mGET /api/serverlog [32m200 [90m3ms - 1.94kb[0m
All done
All done
All done
[90mGET /api/serverlog [32m200 [90m2ms - 2.04kb[0m
[90mGET /api/serverlog [32m200 [90m1ms - 2.1kb[0m
[90mGET /api/serverlog [32m200 [90m1ms - 2.16kb[0m
[90mGET /api/serverlog [32m200 [90m1ms - 2.22kb[0m
[90mGET /api/serverlog [32m200 [90m1ms - 2.28kb[0m
[90mGET /api/serverlog [32m200 [90m1ms - 2.33kb[0m
[90mGET /api/serverlog [32m200 [90m2ms - 2.39kb[0m
[90mGET /api/serverlog [32m200 [90m2ms - 2.45kb[0m
[90mGET /api/serverlog [32m200 [90m1ms - 2.51kb[0m
[90mGET /api/serverlog [32m200 [90m2ms - 2.57kb[0m
[90mGET /api/serverlog [32m200 [90m2ms - 2.63kb[0m
[90mGET /api/serverlog [32m200 [90m2ms - 2.69kb[0m
[90mGET /api/serverlog [32m200 [90m3ms - 2.75kb[0m
[90mGET /api/serverlog [32m200 [90m3ms - 2.8kb[0m
[90mGET /api/serverlog [32m200 [90m1ms - 2.86kb[0m
[90mGET /api/serverlog [32m200 [90m2ms - 2.92kb[0m
[90mGET /api/serverlog [32m200 [90m2ms - 2.98kb[0m
[90mGET /api/serverlog [32m200 [90m2ms - 3.04kb[0m
[90mGET /api/serverlog [32m200 [90m1ms - 3.1kb[0m
[90mGET /api/serverlog [32m200 [90m2ms - 3.15kb[0m
[90mGET /api/serverlog [32m200 [90m1ms - 3.21kb[0m
[90mGET /api/serverlog [32m200 [90m2ms - 3.27kb[0m
[90mGET /api/forums [36m304 [90m2ms[0m
[90mGET /api/serverlog [32m200 [90m1ms - 3.38kb[0m
[90mGET /%7B%7Bmovies[0].image%7D%7D [36m304 [90m8ms[0m
[90mGET /api/movies [32m200 [90m31ms - 119.11kb[0m
[90mGET /api/serverlog [32m200 [90m2ms - 3.56kb[0m
[90mGET /api/serverlog [32m200 [90m1ms - 3.62kb[0m
[90mGET /api/serverlog [32m200 [90m4ms - 3.67kb[0m
[90mGET /api/serverlog [32m200 [90m2ms - 3.73kb[0m
[90mGET /api/serverlog [32m200 [90m1ms - 3.79kb[0m
[90mGET /api/serverlog [32m200 [90m1ms - 3.85kb[0m
[90mGET /api/serverlog [32m200 [90m1ms - 3.91kb[0m
[90mGET /api/serverlog [32m200 [90m1ms - 3.97kb[0m
[90mGET /api/forums [36m304 [90m1ms[0m
[90mGET /%7B%7Bmovies[0].image%7D%7D [36m304 [90m4ms[0m
[90mGET /api/movies [36m304 [90m33ms[0m
[90mGET /partials/main [36m304 [90m2ms[0m
[90mGET /api/awesomeThings [36m304 [90m4ms[0m
[90mGET /api/forums [36m304 [90m2ms[0m
[90mGET /api/serverlog [32m200 [90m2ms - 4.33kb[0m
[90mGET /api/serverlog [32m200 [90m1ms - 4.39kb[0m
going to load movies
load forum:  HD Forum 1080p
scrawl each thread html
load forum:  Kino HDD
scrawl each thread html
load forum:  Kino Crap Qualität
scrawl each thread html
load forum:  HD Remux
scrawl each thread html
All done
All done
All done
All done
[90mGET /api/serverlog [32m200 [90m1ms - 4.37kb[0m
[90mGET /api/serverlog [32m200 [90m4ms - 4.36kb[0m
[90mGET /api/serverlog [32m200 [90m1ms - 4.35kb[0m
[90mGET /api/serverlog [32m200 [90m12ms - 4.4kb[0m
[90mGET /api/serverlog [32m200 [90m2ms - 4.44kb[0m
[90mGET /api/serverlog [32m200 [90m1ms - 4.48kb[0m
[90mGET /api/serverlog [32m200 [90m5ms - 4.52kb[0m
[90mGET /api/serverlog [32m200 [90m3ms - 4.56kb[0m
[90mGET /api/serverlog [32m200 [90m2ms - 4.56kb[0m
[90mGET /api/serverlog [32m200 [90m1ms - 4.59kb[0m
[90mGET /api/serverlog [32m200 [90m2ms - 4.63kb[0m
[90mGET /api/serverlog [32m200 [90m1ms - 4.67kb[0m
[90mGET /api/serverlog [32m200 [90m1ms - 4.72kb[0m
[90mGET /api/serverlog [32m200 [90m2ms - 4.76kb[0m
[90mGET /api/serverlog [32m200 [90m1ms - 4.8kb[0m
[90mGET /api/serverlog [32m200 [90m1ms - 4.84kb[0m
[90mGET /api/serverlog [32m200 [90m1ms - 4.86kb[0m
[90mGET /api/movies [32m200 [90m47ms - 119.22kb[0m
[90mGET /%7B%7Bmovies[0].image%7D%7D [36m304 [90m5ms[0m
request movie{"_id":"54806edd98a201d50d1a19ad","forumUrl":"http://www.usenetrevolution.info/vb/forumdisplay.php?f=29","image":"http://www.usenetrevolution.info/picupload/uploads/2014/12/i115589bdse5n.jpg","title":"Der kleine Nick macht Ferien German AC3 Dubbed BDRip XviD-USB","threadUrl":"http://www.usenetrevolution.info/vb/showthread.php?255471-Der-kleine-Nick-macht-Ferien-German-AC3-Dubbed-BDRip-XviD-USB","thxLink":"http://www.usenetrevolution.info/vb/post_thanks.php?do=post_thanks_add&p=316602&securitytoken=1417792599-8a65414fd91f6a021193b76f8249adb53f91e643","updatedAt":"2014-12-05T15:16:38.872Z","createdAt":"2014-12-04T14:25:32.963Z","__v":0,"genres":[],"status":"download"}
[90mPUT /api/movies/54806edd98a201d50d1a19ad [32m200 [90m7ms - 2b[0m
[90mGET /api/movies/54806edd98a201d50d1a19ad [32m200 [90m3ms - 720b[0m
save status
get html
Session is expired, relogin
re login done
parse html
push thx
get new html
store pw html
movie.js password:DOWNLOAD         SARahCHarLy_pO_009.nzb
get filename
onResourceReceived
onResourceReceived callback
{ downLoadLink: 'http://www.usenetrevolution.info/vb/attachment.php?attachmentid=288160&d=1417682391',
  fileName: 'SARahCHarLy_pO_009.nzb' }
download with casper
{ downLoadLink: 'http://www.usenetrevolution.info/vb/attachment.php?attachmentid=288160&d=1417682391',
  fileName: 'SARahCHarLy_pO_009.nzb' }
execute command: casperjs casperDownloader.js "http://www.usenetrevolution.info/vb/attachment.php?attachmentid=288160&d=1417682391" "SARahCHarLy_pO_009.nzb"
[90mGET /api/serverlog [32m200 [90m2ms - 5.54kb[0m
[90mGET /%7B%7Bmovies[0].image%7D%7D [36m304 [90m4ms[0m
[90mGET /api/movies [32m200 [90m33ms - 119.25kb[0m
going to load movies
load forum:  HD Forum 1080p
scrawl each thread html
load forum:  Kino HDD
scrawl each thread html
load forum:  Kino Crap Qualität
scrawl each thread html
load forum:  HD Remux
scrawl each thread html
All done
All done
All done
All done
going to load movies
load forum:  HD Forum 1080p
scrawl each thread html
load forum:  Kino HDD
scrawl each thread html
load forum:  Kino Crap Qualität
scrawl each thread html
load forum:  HD Remux
scrawl each thread html
All done
All done
All done
All done
[90mGET /api/serverlog [32m200 [90m4ms - 4.85kb[0m
[90mGET /%7B%7Bmovies[0].image%7D%7D [36m304 [90m5ms[0m
[90mGET /api/movies [32m200 [90m26ms - 119.25kb[0m
request movie{"_id":"54806edd98a201d50d1a19ae","forumUrl":"http://www.usenetrevolution.info/vb/forumdisplay.php?f=29","image":"http://www.usenetrevolution.info/picupload/uploads/2014/12/i115516b0h4pc.jpg","title":"Nightcrawler DVDScr DL MD German x264-USB","threadUrl":"http://www.usenetrevolution.info/vb/showthread.php?255407-Nightcrawler-DVDScr-DL-MD-German-x264-USB","thxLink":"http://www.usenetrevolution.info/vb/post_thanks.php?do=post_thanks_add&p=316523&securitytoken=1417706645-b9995fc3a1cce8b7fae5a0468affb6272ab67792","updatedAt":"2014-12-05T15:56:44.415Z","createdAt":"2014-12-04T14:25:33.977Z","__v":0,"genres":[],"status":"download"}
[90mPUT /api/movies/54806edd98a201d50d1a19ae [32m200 [90m4ms - 2b[0m
[90mGET /api/movies/54806edd98a201d50d1a19ae [32m200 [90m2ms - 680b[0m
[90mGET /api/serverlog [32m200 [90m15ms - 5.46kb[0m
save status
get html
Session is expired, relogin
re login done
parse html
thx allready pushed
get new html
store pw html
movie.js password:DOWNLOAD         SARahCHarLy_pO_008.nzb
get filename
onResourceReceived
onResourceReceived callback
{ downLoadLink: 'http://www.usenetrevolution.info/vb/attachment.php?attachmentid=288088&d=1417642691',
  fileName: 'SARahCHarLy_pO_008.nzb' }
download with casper
{ downLoadLink: 'http://www.usenetrevolution.info/vb/attachment.php?attachmentid=288088&d=1417642691',
  fileName: 'SARahCHarLy_pO_008.nzb' }
execute command: casperjs casperDownloader.js "http://www.usenetrevolution.info/vb/attachment.php?attachmentid=288088&d=1417642691" "SARahCHarLy_pO_008.nzb"
[90mGET /api/serverlog [32m200 [90m1ms - 5.43kb[0m
[90mGET /api/serverlog [32m200 [90m2ms - 5.46kb[0m
[90mGET /api/serverlog [32m200 [90m2ms - 5.49kb[0m
[90mGET /api/serverlog [32m200 [90m2ms - 5.54kb[0m
[90mGET /%7B%7Bmovies[0].image%7D%7D [36m304 [90m5ms[0m
[90mGET /api/movies [32m200 [90m25ms - 119.29kb[0m
going to load movies
load forum:  HD Forum 1080p
scrawl each thread html
load forum:  Kino HDD
scrawl each thread html
load forum:  Kino Crap Qualität
scrawl each thread html
load forum:  HD Remux
scrawl each thread html
All done
All done
All done
All done
going to load movies
load forum:  HD Forum 1080p
scrawl each thread html
load forum:  Kino HDD
scrawl each thread html
load forum:  Kino Crap Qualität
scrawl each thread html
load forum:  HD Remux
scrawl each thread html
All done
All done
All done
All done
going to load movies
load forum:  HD Forum 1080p
scrawl each thread html
load forum:  Kino HDD
scrawl each thread html
load forum:  Kino Crap Qualität
scrawl each thread html
load forum:  HD Remux
scrawl each thread html
All done
All done
All done
All done
going to load movies
load forum:  HD Forum 1080p
scrawl each thread html
load forum:  Kino HDD
scrawl each thread html
load forum:  Kino Crap Qualität
scrawl each thread html
load forum:  HD Remux
scrawl each thread html
All done
All done
All done
All done
going to load movies
load forum:  HD Forum 1080p
scrawl each thread html
load forum:  Kino HDD
scrawl each thread html
load forum:  Kino Crap Qualität
scrawl each thread html
load forum:  HD Remux
scrawl each thread html
All done
All done
All done
All done
going to load movies
load forum:  HD Forum 1080p
scrawl each thread html
load forum:  Kino HDD
scrawl each thread html
load forum:  Kino Crap Qualität
scrawl each thread html
load forum:  HD Remux
scrawl each thread html
All done
All done
All done
All done
going to load movies
load forum:  HD Forum 1080p
scrawl each thread html
load forum:  Kino HDD
scrawl each thread html
load forum:  Kino Crap Qualität
scrawl each thread html
load forum:  HD Remux
scrawl each thread html
All done
All done
All done
All done
going to load movies
load forum:  HD Forum 1080p
scrawl each thread html
load forum:  Kino HDD
scrawl each thread html
load forum:  Kino Crap Qualität
scrawl each thread html
load forum:  HD Remux
scrawl each thread html
All done
All done
All done
All done
going to load movies
load forum:  HD Forum 1080p
scrawl each thread html
load forum:  Kino HDD
scrawl each thread html
load forum:  Kino Crap Qualität
scrawl each thread html
load forum:  HD Remux
scrawl each thread html
All done
All done
All done
All done
going to load movies
load forum:  HD Forum 1080p
scrawl each thread html
load forum:  Kino HDD
scrawl each thread html
load forum:  Kino Crap Qualität
scrawl each thread html
load forum:  HD Remux
scrawl each thread html
All done
All done
All done
All done
going to load movies
load forum:  HD Forum 1080p
scrawl each thread html
load forum:  Kino HDD
scrawl each thread html
load forum:  Kino Crap Qualität
scrawl each thread html
load forum:  HD Remux
scrawl each thread html
All done
All done
All done
All done
going to load movies
load forum:  HD Forum 1080p
scrawl each thread html
load forum:  Kino HDD
scrawl each thread html
load forum:  Kino Crap Qualität
scrawl each thread html
load forum:  HD Remux
scrawl each thread html
All done
All done
All done
All done
going to load movies
load forum:  HD Forum 1080p
scrawl each thread html
load forum:  Kino HDD
scrawl each thread html
load forum:  Kino Crap Qualität
scrawl each thread html
load forum:  HD Remux
scrawl each thread html
All done
All done
All done
All done
going to load movies
load forum:  HD Forum 1080p
scrawl each thread html
load forum:  Kino HDD
scrawl each thread html
load forum:  Kino Crap Qualität
scrawl each thread html
load forum:  HD Remux
scrawl each thread html
All done
All done
All done
All done
going to load movies
load forum:  HD Forum 1080p
scrawl each thread html
load forum:  Kino HDD
scrawl each thread html
load forum:  Kino Crap Qualität
scrawl each thread html
load forum:  HD Remux
scrawl each thread html
All done
All done
All done
All done
going to load movies
load forum:  HD Forum 1080p
scrawl each thread html
load forum:  Kino HDD
scrawl each thread html
load forum:  Kino Crap Qualität
scrawl each thread html
load forum:  HD Remux
scrawl each thread html
All done
All done
All done
All done
request movie{"_id":"547e615881ccd2d8772ed28c","forumUrl":"http://www.usenetrevolution.info/vb/forumdisplay.php?f=29","image":"http://www.usenetrevolution.info/picupload/uploads/2014/10/i104341bh501c.jpg","title":"Der 7bte Zwerg 2014 German R5 XviD FiSTER","threadUrl":"http://www.usenetrevolution.info/vb/showthread.php?243381-Der-7bte-Zwerg-2014-German-R5-XviD-FiSTER","thxLink":"http://www.usenetrevolution.info/vb/post_thanks.php?do=post_thanks_add&p=302242&securitytoken=1417568899-843b9bf5b806eba3d290c573fb1885861c9bc06d","updatedAt":"2014-12-03T01:08:14.179Z","createdAt":"2014-12-03T01:03:20.849Z","__v":0,"genres":[],"status":"download"}
[90mPUT /api/movies/547e615881ccd2d8772ed28c [32m200 [90m3ms - 2b[0m
[90mGET /api/movies/547e615881ccd2d8772ed28c [32m200 [90m2ms - 680b[0m
save status
get html
[90mGET /api/serverlog [32m200 [90m1ms - 3.08kb[0m
Session is expired, relogin
[90mGET /api/serverlog [32m200 [90m1ms - 3.14kb[0m
[90mGET /api/serverlog [32m200 [90m1ms - 3.19kb[0m
re login done
[90mGET /api/serverlog [32m200 [90m2ms - 3.23kb[0m
parse html
thx allready pushed
get new html
[90mGET /api/serverlog [32m200 [90m1ms - 3.23kb[0m
store pw html
movie.js password:UsenetRevolution
Password UsenetRevolution already exists
get filename
onResourceReceived
onResourceReceived callback
{ downLoadLink: 'http://www.usenetrevolution.info/vb/attachment.php?attachmentid=275071&d=1414694927',
  fileName: 'Der.7bte.Zwerg.2014.German.R5.XviD-FiSTER.nzb' }
download with casper
{ downLoadLink: 'http://www.usenetrevolution.info/vb/attachment.php?attachmentid=275071&d=1414694927',
  fileName: 'Der.7bte.Zwerg.2014.German.R5.XviD-FiSTER.nzb' }
execute command: casperjs casperDownloader.js "http://www.usenetrevolution.info/vb/attachment.php?attachmentid=275071&d=1414694927" "Der.7bte.Zwerg.2014.German.R5.XviD-FiSTER.nzb"
[90mGET /api/serverlog [32m200 [90m1ms - 3.69kb[0m
[90mGET /api/serverlog [32m200 [90m2ms - 3.71kb[0m
[90mGET /api/serverlog [32m200 [90m1ms - 3.75kb[0m
[90mGET /api/serverlog [32m200 [90m1ms - 3.78kb[0m
[90mGET /api/serverlog [32m200 [90m1ms - 3.81kb[0m
[90mGET /api/serverlog [32m200 [90m2ms - 3.85kb[0m
[90mGET /api/serverlog [32m200 [90m2ms - 3.9kb[0m
[90mGET /api/serverlog [32m200 [90m5ms - 3.94kb[0m
[90mGET /api/serverlog [32m200 [90m1ms - 3.99kb[0m
[90mGET /api/serverlog [32m200 [90m1ms - 4.02kb[0m
going to load movies
load forum:  HD Forum 1080p
scrawl each thread html
load forum:  Kino HDD
scrawl each thread html
load forum:  Kino Crap Qualität
scrawl each thread html
load forum:  HD Remux
scrawl each thread html
All done
All done
All done
All done
[90mGET /api/serverlog [32m200 [90m2ms - 4.05kb[0m
going to load movies
load forum:  HD Forum 1080p
scrawl each thread html
load forum:  Kino HDD
scrawl each thread html
load forum:  Kino Crap Qualität
scrawl each thread html
load forum:  HD Remux
scrawl each thread html
All done
All done
All done
All done
going to load movies
load forum:  HD Forum 1080p
scrawl each thread html
load forum:  Kino HDD
scrawl each thread html
load forum:  Kino Crap Qualität
scrawl each thread html
load forum:  HD Remux
scrawl each thread html
All done
